

2020-03-04 12:55:01
2008 toyota rav4: 67 found
2004 honda accord lx: 58 found
2017 nissan altima 2.5: 270 found
2013 ford mustang: 37 found
1970 porsche boxter: 0 found
1970 bmw m3: 0 found

2020-03-04 12:55:44
2008 toyota rav4: 67 found
2004 honda accord lx: 58 found
2017 nissan altima 2.5: 270 found
2013 ford mustang: 37 found
1970 porsche boxter: 0 found
1970 bmw m3: 0 found

2020-03-04 12:58:47
2008 toyota rav4: 67 found
2004 honda accord lx: 58 found
2017 nissan altima 2.5: 270 found
2013 ford mustang: 37 found
1970 porsche boxter: 0 found
1970 bmw m3: 0 found

